{"time":"2019-11-20T21:53:17.022609+08:00","channel":"app","level_name":"DEBUG","message":"SELECT GET_LOCK(?, ?) AS getLock","context":["sess_d8oje09it1o2a9hiajjhdftbl9",30],"extra":[],"level":7}
{"time":"2019-11-20T21:53:17.049923+08:00","channel":"app","level_name":"DEBUG","message":"SELECT * FROM biz_session WHERE sess_id = ? LIMIT 1 ","context":["d8oje09it1o2a9hiajjhdftbl9"],"extra":[],"level":7}
{"time":"2019-11-20T21:53:19.860631+08:00","channel":"app","level_name":"DEBUG","message":"SELECT GET_LOCK(?, ?) AS getLock","context":["sess_huueeonc0kvhal9llvaicn5lqd",30],"extra":[],"level":7}
{"time":"2019-11-20T21:53:19.883592+08:00","channel":"app","level_name":"DEBUG","message":"SELECT * FROM biz_session WHERE sess_id = ? LIMIT 1 ","context":["huueeonc0kvhal9llvaicn5lqd"],"extra":[],"level":7}
{"time":"2019-11-20T21:53:19.968790+08:00","channel":"app","level_name":"DEBUG","message":"SELECT * FROM cache WHERE name IN (?);","context":["settings"],"extra":[],"level":7}
{"time":"2019-11-20T21:53:20.190254+08:00","channel":"app","level_name":"DEBUG","message":"SELECT COUNT(*) FROM cloud_app cloud_app","context":[],"extra":[],"level":7}
{"time":"2019-11-20T21:53:20.191384+08:00","channel":"app","level_name":"DEBUG","message":"SELECT * FROM cloud_app cloud_app ORDER BY installedTime DESC LIMIT 1 OFFSET 0","context":[],"extra":[],"level":7}
{"time":"2019-11-20T21:53:20.848396+08:00","channel":"app","level_name":"DEBUG","message":"SELECT * FROM user WHERE email = ? LIMIT 1 ","context":["295456643@qq.com"],"extra":[],"level":7}
{"time":"2019-11-20T21:53:20.874276+08:00","channel":"app","level_name":"DEBUG","message":"SELECT * FROM user WHERE id = ?","context":["3"],"extra":[],"level":7}
{"time":"2019-11-20T21:53:20.878341+08:00","channel":"app","level_name":"DEBUG","message":"SELECT batchId FROM notification WHERE userId = ? and type = ? GROUP BY batchId","context":["3","global"],"extra":[],"level":7}
{"time":"2019-11-20T21:53:20.884020+08:00","channel":"app","level_name":"DEBUG","message":"SELECT * FROM batch_notification batch_notification WHERE (published = :published) AND (sendedTime <= :sendedTime_LE) AND (sendedTime >= :sendedTime_GE) ORDER BY createdTime DESC LIMIT 9223372036854775807 OFFSET 0","context":{":type":"global",":published":1,":sendedTime_LE":1574258000,":sendedTime_GE":"1568196161"},"extra":[],"level":7}
{"time":"2019-11-20T21:53:20.902331+08:00","channel":"app","level_name":"DEBUG","message":"SELECT COUNT(*) FROM navigation navigation WHERE (type = :type) AND (isOpen = :isOpen) AND (orgId = :orgId)","context":{":type":"friendlyLink",":isOpen":1,":orgId":"1"},"extra":[],"level":7}
{"time":"2019-11-20T21:53:21.267341+08:00","channel":"app","level_name":"DEBUG","message":"SELECT * FROM theme_config WHERE name = ? LIMIT 1 ","context":["简墨"],"extra":[],"level":7}
{"time":"2019-11-20T21:53:21.321156+08:00","channel":"app","level_name":"DEBUG","message":"SELECT * FROM announcement announcement WHERE (targetType = :targetType) AND (startTime <=:startTime) AND (endTime >=:endTime) AND (orgCode =:orgCode) ORDER BY createdTime DESC LIMIT 3 OFFSET 0","context":{":targetType":"global",":startTime":1574257800,":endTime":1574257800,":orgCode":"1."},"extra":[],"level":7}
{"time":"2019-11-20T21:53:21.325593+08:00","channel":"app","level_name":"DEBUG","message":"SELECT COUNT(*) FROM navigation navigation WHERE (type = :type) AND (isOpen = :isOpen) AND (orgId = :orgId)","context":{":type":"top",":isOpen":1,":orgId":"1"},"extra":[],"level":7}
{"time":"2019-11-20T21:53:21.326770+08:00","channel":"app","level_name":"DEBUG","message":"SELECT * FROM navigation navigation WHERE (type = :type) AND (isOpen = :isOpen) AND (orgId = :orgId) ORDER BY sequence ASC LIMIT 11 OFFSET 0","context":{":type":"top",":isOpen":1,":orgId":"1"},"extra":[],"level":7}
{"time":"2019-11-20T21:53:21.559863+08:00","channel":"app","level_name":"DEBUG","message":"SELECT * FROM block WHERE code = ? AND orgId = ? LIMIT 1 ","context":["jianmo:home_top_banner","1"],"extra":[],"level":7}
{"time":"2019-11-20T21:53:21.562240+08:00","channel":"app","level_name":"DEBUG","message":"SELECT * FROM block_template WHERE id = ?","context":["6"],"extra":[],"level":7}
{"time":"2019-11-20T21:53:21.605832+08:00","channel":"app","level_name":"DEBUG","message":"SELECT * FROM course_set_v8 course_set_v8 WHERE (status = :status) AND (parentId = :parentId) AND (type NOT IN (:excludeTypes)) ORDER BY createdTime DESC LIMIT 12 OFFSET 0","context":{":status":"published",":parentId":0,":excludeTypes":["reservation"]},"extra":[],"level":7}
{"time":"2019-11-20T21:53:21.607012+08:00","channel":"app","level_name":"DEBUG","message":"SELECT * FROM user WHERE id IN (?,?,?);","context":["5","5","1"],"extra":[],"level":7}
{"time":"2019-11-20T21:53:21.608697+08:00","channel":"app","level_name":"DEBUG","message":"SELECT * FROM user_profile WHERE id IN (?,?,?);","context":["5","5","1"],"extra":[],"level":7}
{"time":"2019-11-20T21:53:21.616167+08:00","channel":"app","level_name":"DEBUG","message":"SELECT * FROM course_v8 WHERE courseSetId IN (?,?,?);","context":["3","2","1"],"extra":[],"level":7}
{"time":"2019-11-20T21:53:21.652298+08:00","channel":"app","level_name":"DEBUG","message":"SELECT * FROM category_group WHERE code = ? LIMIT 1","context":["course"],"extra":[],"level":7}
{"time":"2019-11-20T21:53:21.653669+08:00","channel":"app","level_name":"DEBUG","message":"SELECT * FROM category WHERE groupId = ? AND parentId = ? ORDER BY weight ASC","context":["1",0],"extra":[],"level":7}
{"time":"2019-11-20T21:53:21.692062+08:00","channel":"app","level_name":"DEBUG","message":"SELECT * FROM open_course open_course WHERE status = :status ORDER BY createdTime DESC LIMIT 12 OFFSET 0","context":{":status":"published"},"extra":[],"level":7}
{"time":"2019-11-20T21:53:21.693228+08:00","channel":"app","level_name":"DEBUG","message":"SELECT * FROM user WHERE id IN (?);","context":["3"],"extra":[],"level":7}
{"time":"2019-11-20T21:53:21.693774+08:00","channel":"app","level_name":"DEBUG","message":"SELECT * FROM user_profile WHERE id IN (?);","context":["3"],"extra":[],"level":7}
{"time":"2019-11-20T21:53:21.704025+08:00","channel":"app","level_name":"DEBUG","message":"SELECT * FROM open_course_lesson open_course_lesson WHERE (courseId = :courseId) AND (status = :status) ORDER BY seq ASC LIMIT 1 OFFSET 0","context":{":courseId":"1",":status":"published"},"extra":[],"level":7}
{"time":"2019-11-20T21:53:21.728832+08:00","channel":"app","level_name":"DEBUG","message":"SELECT * FROM groups groups WHERE status = :status ORDER BY memberNum DESC LIMIT 6 OFFSET 0","context":{":status":"open"},"extra":[],"level":7}
{"time":"2019-11-20T21:53:22.209994+08:00","channel":"app","level_name":"DEBUG","message":"SELECT * FROM biz_session WHERE sess_id = ? LIMIT 1 ","context":["huueeonc0kvhal9llvaicn5lqd"],"extra":[],"level":7}
{"time":"2019-11-20T21:53:22.210545+08:00","channel":"app","level_name":"DEBUG","message":"UPDATE biz_session SET sess_id = ?, sess_data = ?, sess_deadline = ?, sess_time = ? WHERE id = ?","context":["huueeonc0kvhal9llvaicn5lqd","_sf2_attributes|a:5:{s:14: [...]",1574265202,1574258002,"1167912"],"extra":[],"level":7}
{"time":"2019-11-20T21:53:22.273896+08:00","channel":"app","level_name":"DEBUG","message":"SELECT * FROM biz_session WHERE id = ?","context":["1167912"],"extra":[],"level":7}
{"time":"2019-11-20T21:53:22.274479+08:00","channel":"app","level_name":"DEBUG","message":"SELECT RELEASE_LOCK(?) AS releaseLock","context":["sess_1"],"extra":[],"level":7}
{"time":"2019-11-20T21:53:22.274742+08:00","channel":"app","level_name":"DEBUG","message":"SELECT RELEASE_LOCK(?) AS releaseLock","context":["sess_huueeonc0kvhal9llvaicn5lqd"],"extra":[],"level":7}
{"time":"2019-11-20T21:53:23.173083+08:00","channel":"app","level_name":"DEBUG","message":"SELECT GET_LOCK(?, ?) AS getLock","context":["sess_huueeonc0kvhal9llvaicn5lqd",30],"extra":[],"level":7}
{"time":"2019-11-20T21:53:23.177958+08:00","channel":"app","level_name":"DEBUG","message":"SELECT * FROM biz_session WHERE sess_id = ? LIMIT 1 ","context":["huueeonc0kvhal9llvaicn5lqd"],"extra":[],"level":7}
{"time":"2019-11-20T21:53:23.200679+08:00","channel":"app","level_name":"DEBUG","message":"SELECT * FROM cache WHERE name IN (?);","context":["settings"],"extra":[],"level":7}
{"time":"2019-11-20T21:53:23.552836+08:00","channel":"app","level_name":"DEBUG","message":"SELECT * FROM biz_session WHERE sess_id = ? LIMIT 1 ","context":["huueeonc0kvhal9llvaicn5lqd"],"extra":[],"level":7}
{"time":"2019-11-20T21:53:23.553270+08:00","channel":"app","level_name":"DEBUG","message":"UPDATE biz_session SET sess_id = ?, sess_data = ?, sess_deadline = ?, sess_time = ? WHERE id = ?","context":["huueeonc0kvhal9llvaicn5lqd","_sf2_attributes|a:5:{s:14: [...]",1574265203,1574258003,"1167912"],"extra":[],"level":7}
{"time":"2019-11-20T21:53:23.690107+08:00","channel":"app","level_name":"DEBUG","message":"SELECT * FROM biz_session WHERE id = ?","context":["1167912"],"extra":[],"level":7}
{"time":"2019-11-20T21:53:23.690562+08:00","channel":"app","level_name":"DEBUG","message":"SELECT RELEASE_LOCK(?) AS releaseLock","context":["sess_1"],"extra":[],"level":7}
{"time":"2019-11-20T21:53:23.690751+08:00","channel":"app","level_name":"DEBUG","message":"SELECT RELEASE_LOCK(?) AS releaseLock","context":["sess_huueeonc0kvhal9llvaicn5lqd"],"extra":[],"level":7}
{"time":"2019-11-21T00:27:00.790563+08:00","channel":"app","level_name":"DEBUG","message":"SELECT GET_LOCK(?, ?) AS getLock","context":["sess_9cq8ct8jemgm2ubtsnk9rq881k",30],"extra":[],"level":7}
{"time":"2019-11-21T00:27:00.827182+08:00","channel":"app","level_name":"DEBUG","message":"SELECT * FROM biz_session WHERE sess_id = ? LIMIT 1 ","context":["9cq8ct8jemgm2ubtsnk9rq881k"],"extra":[],"level":7}
{"time":"2019-11-21T00:27:03.611849+08:00","channel":"app","level_name":"DEBUG","message":"SELECT GET_LOCK(?, ?) AS getLock","context":["sess_l0u9b6vl9roubaho161o1njrah",30],"extra":[],"level":7}
{"time":"2019-11-21T00:27:03.628322+08:00","channel":"app","level_name":"DEBUG","message":"SELECT * FROM biz_session WHERE sess_id = ? LIMIT 1 ","context":["l0u9b6vl9roubaho161o1njrah"],"extra":[],"level":7}
{"time":"2019-11-21T00:27:03.701106+08:00","channel":"app","level_name":"DEBUG","message":"SELECT * FROM cache WHERE name IN (?);","context":["settings"],"extra":[],"level":7}
{"time":"2019-11-21T00:27:03.953391+08:00","channel":"app","level_name":"DEBUG","message":"SELECT COUNT(*) FROM navigation navigation WHERE (type = :type) AND (isOpen = :isOpen) AND (orgId = :orgId)","context":{":type":"friendlyLink",":isOpen":1,":orgId":1},"extra":[],"level":7}
{"time":"2019-11-21T00:27:04.291354+08:00","channel":"app","level_name":"DEBUG","message":"SELECT * FROM theme_config WHERE name = ? LIMIT 1 ","context":["简墨"],"extra":[],"level":7}
{"time":"2019-11-21T00:27:04.331432+08:00","channel":"app","level_name":"DEBUG","message":"SELECT * FROM announcement announcement WHERE (targetType = :targetType) AND (startTime <=:startTime) AND (endTime >=:endTime) AND (orgCode =:orgCode) ORDER BY createdTime DESC LIMIT 3 OFFSET 0","context":{":targetType":"global",":startTime":1574266800,":endTime":1574266800,":orgCode":"1."},"extra":[],"level":7}
{"time":"2019-11-21T00:27:04.335223+08:00","channel":"app","level_name":"DEBUG","message":"SELECT COUNT(*) FROM navigation navigation WHERE (type = :type) AND (isOpen = :isOpen) AND (orgId = :orgId)","context":{":type":"top",":isOpen":1,":orgId":1},"extra":[],"level":7}
{"time":"2019-11-21T00:27:04.335681+08:00","channel":"app","level_name":"DEBUG","message":"SELECT * FROM navigation navigation WHERE (type = :type) AND (isOpen = :isOpen) AND (orgId = :orgId) ORDER BY sequence ASC LIMIT 11 OFFSET 0","context":{":type":"top",":isOpen":1,":orgId":1},"extra":[],"level":7}
{"time":"2019-11-21T00:27:04.398541+08:00","channel":"app","level_name":"DEBUG","message":"SELECT * FROM block WHERE code = ? AND orgId = ? LIMIT 1 ","context":["jianmo:home_top_banner",1],"extra":[],"level":7}
{"time":"2019-11-21T00:27:04.405843+08:00","channel":"app","level_name":"DEBUG","message":"SELECT * FROM block_template WHERE id = ?","context":["6"],"extra":[],"level":7}
{"time":"2019-11-21T00:27:04.431994+08:00","channel":"app","level_name":"DEBUG","message":"SELECT * FROM course_set_v8 course_set_v8 WHERE (status = :status) AND (parentId = :parentId) AND (type NOT IN (:excludeTypes)) ORDER BY createdTime DESC LIMIT 12 OFFSET 0","context":{":status":"published",":parentId":0,":excludeTypes":["reservation"]},"extra":[],"level":7}
{"time":"2019-11-21T00:27:04.447082+08:00","channel":"app","level_name":"DEBUG","message":"SELECT * FROM user WHERE id IN (?,?,?);","context":["5","5","1"],"extra":[],"level":7}
{"time":"2019-11-21T00:27:04.454943+08:00","channel":"app","level_name":"DEBUG","message":"SELECT * FROM user_profile WHERE id IN (?,?,?);","context":["5","5","1"],"extra":[],"level":7}
{"time":"2019-11-21T00:27:04.462315+08:00","channel":"app","level_name":"DEBUG","message":"SELECT * FROM course_v8 WHERE courseSetId IN (?,?,?);","context":["3","2","1"],"extra":[],"level":7}
{"time":"2019-11-21T00:27:04.489287+08:00","channel":"app","level_name":"DEBUG","message":"SELECT * FROM category_group WHERE code = ? LIMIT 1","context":["course"],"extra":[],"level":7}
{"time":"2019-11-21T00:27:04.490106+08:00","channel":"app","level_name":"DEBUG","message":"SELECT * FROM category WHERE groupId = ? AND parentId = ? ORDER BY weight ASC","context":["1",0],"extra":[],"level":7}
{"time":"2019-11-21T00:27:04.516539+08:00","channel":"app","level_name":"DEBUG","message":"SELECT * FROM open_course open_course WHERE status = :status ORDER BY createdTime DESC LIMIT 12 OFFSET 0","context":{":status":"published"},"extra":[],"level":7}
{"time":"2019-11-21T00:27:04.517521+08:00","channel":"app","level_name":"DEBUG","message":"SELECT * FROM user WHERE id IN (?);","context":["3"],"extra":[],"level":7}
{"time":"2019-11-21T00:27:04.517974+08:00","channel":"app","level_name":"DEBUG","message":"SELECT * FROM user_profile WHERE id IN (?);","context":["3"],"extra":[],"level":7}
{"time":"2019-11-21T00:27:04.530374+08:00","channel":"app","level_name":"DEBUG","message":"SELECT * FROM open_course_lesson open_course_lesson WHERE (courseId = :courseId) AND (status = :status) ORDER BY seq ASC LIMIT 1 OFFSET 0","context":{":courseId":"1",":status":"published"},"extra":[],"level":7}
{"time":"2019-11-21T00:27:04.546862+08:00","channel":"app","level_name":"DEBUG","message":"SELECT * FROM groups groups WHERE status = :status ORDER BY memberNum DESC LIMIT 6 OFFSET 0","context":{":status":"open"},"extra":[],"level":7}
{"time":"2019-11-21T00:27:05.428330+08:00","channel":"app","level_name":"DEBUG","message":"SELECT * FROM biz_session WHERE sess_id = ? LIMIT 1 ","context":["l0u9b6vl9roubaho161o1njrah"],"extra":[],"level":7}
{"time":"2019-11-21T00:27:05.428865+08:00","channel":"app","level_name":"DEBUG","message":"INSERT INTO biz_session (sess_id, sess_data, sess_deadline, created_time, sess_time) VALUES (?, ?, ?, ?, ?)","context":["l0u9b6vl9roubaho161o1njrah","_sf2_attributes|a:2:{s:10: [...]",1574274425,1574267225,1574267225],"extra":[],"level":7}
{"time":"2019-11-21T00:27:05.492853+08:00","channel":"app","level_name":"DEBUG","message":"SELECT * FROM biz_session WHERE id = ?","context":["1167913"],"extra":[],"level":7}
{"time":"2019-11-21T00:27:05.493547+08:00","channel":"app","level_name":"DEBUG","message":"SELECT RELEASE_LOCK(?) AS releaseLock","context":["sess_1"],"extra":[],"level":7}
{"time":"2019-11-21T00:27:05.494289+08:00","channel":"app","level_name":"DEBUG","message":"SELECT RELEASE_LOCK(?) AS releaseLock","context":["sess_l0u9b6vl9roubaho161o1njrah"],"extra":[],"level":7}
{"time":"2019-11-21T00:27:06.368827+08:00","channel":"app","level_name":"DEBUG","message":"SELECT GET_LOCK(?, ?) AS getLock","context":["sess_l0u9b6vl9roubaho161o1njrah",30],"extra":[],"level":7}
{"time":"2019-11-21T00:27:06.372416+08:00","channel":"app","level_name":"DEBUG","message":"SELECT * FROM biz_session WHERE sess_id = ? LIMIT 1 ","context":["l0u9b6vl9roubaho161o1njrah"],"extra":[],"level":7}
{"time":"2019-11-21T00:27:06.396241+08:00","channel":"app","level_name":"DEBUG","message":"SELECT * FROM cache WHERE name IN (?);","context":["settings"],"extra":[],"level":7}
{"time":"2019-11-21T00:27:06.547439+08:00","channel":"app","level_name":"DEBUG","message":"SELECT * FROM biz_session WHERE sess_id = ? LIMIT 1 ","context":["l0u9b6vl9roubaho161o1njrah"],"extra":[],"level":7}
{"time":"2019-11-21T00:27:06.547935+08:00","channel":"app","level_name":"DEBUG","message":"UPDATE biz_session SET sess_id = ?, sess_data = ?, sess_deadline = ?, sess_time = ? WHERE id = ?","context":["l0u9b6vl9roubaho161o1njrah","_sf2_attributes|a:2:{s:10: [...]",1574274426,1574267226,"1167913"],"extra":[],"level":7}
{"time":"2019-11-21T00:27:06.583853+08:00","channel":"app","level_name":"DEBUG","message":"SELECT * FROM biz_session WHERE id = ?","context":["1167913"],"extra":[],"level":7}
{"time":"2019-11-21T00:27:06.585281+08:00","channel":"app","level_name":"DEBUG","message":"SELECT RELEASE_LOCK(?) AS releaseLock","context":["sess_1"],"extra":[],"level":7}
{"time":"2019-11-21T00:27:06.585652+08:00","channel":"app","level_name":"DEBUG","message":"SELECT RELEASE_LOCK(?) AS releaseLock","context":["sess_l0u9b6vl9roubaho161o1njrah"],"extra":[],"level":7}
{"time":"2019-11-21T00:28:56.293427+08:00","channel":"app","level_name":"DEBUG","message":"SELECT GET_LOCK(?, ?) AS getLock","context":["sess_l0u9b6vl9roubaho161o1njrah",30],"extra":[],"level":7}
{"time":"2019-11-21T00:28:56.297413+08:00","channel":"app","level_name":"DEBUG","message":"SELECT * FROM biz_session WHERE sess_id = ? LIMIT 1 ","context":["l0u9b6vl9roubaho161o1njrah"],"extra":[],"level":7}
{"time":"2019-11-21T00:28:56.307553+08:00","channel":"app","level_name":"DEBUG","message":"SELECT * FROM cache WHERE name IN (?);","context":["settings"],"extra":[],"level":7}
{"time":"2019-11-21T00:28:56.320509+08:00","channel":"app","level_name":"DEBUG","message":"SELECT COUNT(*) FROM navigation navigation WHERE (type = :type) AND (isOpen = :isOpen) AND (orgId = :orgId)","context":{":type":"friendlyLink",":isOpen":1,":orgId":1},"extra":[],"level":7}
{"time":"2019-11-21T00:28:56.337014+08:00","channel":"app","level_name":"DEBUG","message":"SELECT * FROM theme_config WHERE name = ? LIMIT 1 ","context":["简墨"],"extra":[],"level":7}
{"time":"2019-11-21T00:28:56.348615+08:00","channel":"app","level_name":"DEBUG","message":"SELECT * FROM announcement announcement WHERE (targetType = :targetType) AND (startTime <=:startTime) AND (endTime >=:endTime) AND (orgCode =:orgCode) ORDER BY createdTime DESC LIMIT 3 OFFSET 0","context":{":targetType":"global",":startTime":1574266800,":endTime":1574266800,":orgCode":"1."},"extra":[],"level":7}
{"time":"2019-11-21T00:28:56.350184+08:00","channel":"app","level_name":"DEBUG","message":"SELECT COUNT(*) FROM navigation navigation WHERE (type = :type) AND (isOpen = :isOpen) AND (orgId = :orgId)","context":{":type":"top",":isOpen":1,":orgId":1},"extra":[],"level":7}
{"time":"2019-11-21T00:28:56.350690+08:00","channel":"app","level_name":"DEBUG","message":"SELECT * FROM navigation navigation WHERE (type = :type) AND (isOpen = :isOpen) AND (orgId = :orgId) ORDER BY sequence ASC LIMIT 11 OFFSET 0","context":{":type":"top",":isOpen":1,":orgId":1},"extra":[],"level":7}
{"time":"2019-11-21T00:28:56.361452+08:00","channel":"app","level_name":"DEBUG","message":"SELECT * FROM block WHERE code = ? AND orgId = ? LIMIT 1 ","context":["jianmo:home_top_banner",1],"extra":[],"level":7}
{"time":"2019-11-21T00:28:56.362475+08:00","channel":"app","level_name":"DEBUG","message":"SELECT * FROM block_template WHERE id = ?","context":["6"],"extra":[],"level":7}
{"time":"2019-11-21T00:28:56.370428+08:00","channel":"app","level_name":"DEBUG","message":"SELECT * FROM course_set_v8 course_set_v8 WHERE (status = :status) AND (parentId = :parentId) AND (type NOT IN (:excludeTypes)) ORDER BY createdTime DESC LIMIT 12 OFFSET 0","context":{":status":"published",":parentId":0,":excludeTypes":["reservation"]},"extra":[],"level":7}
{"time":"2019-11-21T00:28:56.373833+08:00","channel":"app","level_name":"DEBUG","message":"SELECT * FROM user WHERE id IN (?,?,?);","context":["5","5","1"],"extra":[],"level":7}
{"time":"2019-11-21T00:28:56.378587+08:00","channel":"app","level_name":"DEBUG","message":"SELECT * FROM user_profile WHERE id IN (?,?,?);","context":["5","5","1"],"extra":[],"level":7}
{"time":"2019-11-21T00:28:56.381325+08:00","channel":"app","level_name":"DEBUG","message":"SELECT * FROM course_v8 WHERE courseSetId IN (?,?,?);","context":["3","2","1"],"extra":[],"level":7}
{"time":"2019-11-21T00:28:56.389248+08:00","channel":"app","level_name":"DEBUG","message":"SELECT * FROM category_group WHERE code = ? LIMIT 1","context":["course"],"extra":[],"level":7}
{"time":"2019-11-21T00:28:56.389662+08:00","channel":"app","level_name":"DEBUG","message":"SELECT * FROM category WHERE groupId = ? AND parentId = ? ORDER BY weight ASC","context":["1",0],"extra":[],"level":7}
{"time":"2019-11-21T00:28:56.400742+08:00","channel":"app","level_name":"DEBUG","message":"SELECT * FROM open_course open_course WHERE status = :status ORDER BY createdTime DESC LIMIT 12 OFFSET 0","context":{":status":"published"},"extra":[],"level":7}
{"time":"2019-11-21T00:28:56.401301+08:00","channel":"app","level_name":"DEBUG","message":"SELECT * FROM user WHERE id IN (?);","context":["3"],"extra":[],"level":7}
{"time":"2019-11-21T00:28:56.401645+08:00","channel":"app","level_name":"DEBUG","message":"SELECT * FROM user_profile WHERE id IN (?);","context":["3"],"extra":[],"level":7}
{"time":"2019-11-21T00:28:56.403888+08:00","channel":"app","level_name":"DEBUG","message":"SELECT * FROM open_course_lesson open_course_lesson WHERE (courseId = :courseId) AND (status = :status) ORDER BY seq ASC LIMIT 1 OFFSET 0","context":{":courseId":"1",":status":"published"},"extra":[],"level":7}
{"time":"2019-11-21T00:28:56.410826+08:00","channel":"app","level_name":"DEBUG","message":"SELECT * FROM g_groups g_groups WHERE status = :status ORDER BY memberNum DESC LIMIT 6 OFFSET 0","context":{":status":"open"},"extra":[],"level":7}
{"time":"2019-11-21T00:28:56.416393+08:00","channel":"app","level_name":"DEBUG","message":"SELECT * FROM course_review course_review WHERE (parentId = :parentId) AND (private = :private) ORDER BY createdTime DESC LIMIT 4 OFFSET 0","context":{":private":0,":parentId":0},"extra":[],"level":7}
{"time":"2019-11-21T00:28:56.425300+08:00","channel":"app","level_name":"DEBUG","message":"SELECT * FROM article article WHERE (status = :status) AND (featured = :featured) ORDER BY updatedTime DESC LIMIT 2 OFFSET 0","context":{":featured":1,":status":"published"},"extra":[],"level":7}
{"time":"2019-11-21T00:28:56.429789+08:00","channel":"app","level_name":"DEBUG","message":"SELECT * FROM article_category WHERE id IN (?);","context":["1"],"extra":[],"level":7}
{"time":"2019-11-21T00:28:56.430629+08:00","channel":"app","level_name":"DEBUG","message":"SELECT * FROM article article WHERE status = :status ORDER BY updatedTime DESC LIMIT 5 OFFSET 0","context":{":status":"published"},"extra":[],"level":7}
{"time":"2019-11-21T00:28:56.431084+08:00","channel":"app","level_name":"DEBUG","message":"SELECT * FROM article_category WHERE id IN (?,?);","context":["3","1"],"extra":[],"level":7}
{"time":"2019-11-21T00:28:56.444886+08:00","channel":"app","level_name":"DEBUG","message":"SELECT * FROM block WHERE code = ? AND orgId = ? LIMIT 1 ","context":["jianmo:bottom_info",1],"extra":[],"level":7}
{"time":"2019-11-21T00:28:56.445370+08:00","channel":"app","level_name":"DEBUG","message":"SELECT * FROM block_template WHERE id = ?","context":["9"],"extra":[],"level":7}
{"time":"2019-11-21T00:28:56.487498+08:00","channel":"app","level_name":"DEBUG","message":"SELECT * FROM biz_session WHERE sess_id = ? LIMIT 1 ","context":["l0u9b6vl9roubaho161o1njrah"],"extra":[],"level":7}
{"time":"2019-11-21T00:28:56.487939+08:00","channel":"app","level_name":"DEBUG","message":"UPDATE biz_session SET sess_id = ?, sess_data = ?, sess_deadline = ?, sess_time = ? WHERE id = ?","context":["l0u9b6vl9roubaho161o1njrah","_sf2_attributes|a:2:{s:10: [...]",1574274536,1574267336,"1167913"],"extra":[],"level":7}
{"time":"2019-11-21T00:28:56.589818+08:00","channel":"app","level_name":"DEBUG","message":"SELECT * FROM biz_session WHERE id = ?","context":["1167913"],"extra":[],"level":7}
{"time":"2019-11-21T00:28:56.590674+08:00","channel":"app","level_name":"DEBUG","message":"SELECT RELEASE_LOCK(?) AS releaseLock","context":["sess_1"],"extra":[],"level":7}
{"time":"2019-11-21T00:28:56.591079+08:00","channel":"app","level_name":"DEBUG","message":"SELECT RELEASE_LOCK(?) AS releaseLock","context":["sess_l0u9b6vl9roubaho161o1njrah"],"extra":[],"level":7}
{"time":"2019-11-21T00:28:56.787465+08:00","channel":"app","level_name":"DEBUG","message":"SELECT GET_LOCK(?, ?) AS getLock","context":["sess_l0u9b6vl9roubaho161o1njrah",30],"extra":[],"level":7}
{"time":"2019-11-21T00:28:56.792231+08:00","channel":"app","level_name":"DEBUG","message":"SELECT * FROM biz_session WHERE sess_id = ? LIMIT 1 ","context":["l0u9b6vl9roubaho161o1njrah"],"extra":[],"level":7}
{"time":"2019-11-21T00:28:56.848602+08:00","channel":"app","level_name":"DEBUG","message":"SELECT * FROM cache WHERE name IN (?);","context":["settings"],"extra":[],"level":7}
{"time":"2019-11-21T00:28:57.091197+08:00","channel":"app","level_name":"DEBUG","message":"SELECT * FROM biz_session WHERE sess_id = ? LIMIT 1 ","context":["l0u9b6vl9roubaho161o1njrah"],"extra":[],"level":7}
{"time":"2019-11-21T00:28:57.091656+08:00","channel":"app","level_name":"DEBUG","message":"UPDATE biz_session SET sess_id = ?, sess_data = ?, sess_deadline = ?, sess_time = ? WHERE id = ?","context":["l0u9b6vl9roubaho161o1njrah","_sf2_attributes|a:2:{s:10: [...]",1574274537,1574267337,"1167913"],"extra":[],"level":7}
{"time":"2019-11-21T00:28:57.180578+08:00","channel":"app","level_name":"DEBUG","message":"SELECT * FROM biz_session WHERE id = ?","context":["1167913"],"extra":[],"level":7}
{"time":"2019-11-21T00:28:57.181347+08:00","channel":"app","level_name":"DEBUG","message":"SELECT RELEASE_LOCK(?) AS releaseLock","context":["sess_1"],"extra":[],"level":7}
{"time":"2019-11-21T00:28:57.181752+08:00","channel":"app","level_name":"DEBUG","message":"SELECT RELEASE_LOCK(?) AS releaseLock","context":["sess_l0u9b6vl9roubaho161o1njrah"],"extra":[],"level":7}
{"time":"2019-11-21T00:28:57.315873+08:00","channel":"app","level_name":"DEBUG","message":"SELECT GET_LOCK(?, ?) AS getLock","context":["sess_l0u9b6vl9roubaho161o1njrah",30],"extra":[],"level":7}
{"time":"2019-11-21T00:28:57.319997+08:00","channel":"app","level_name":"DEBUG","message":"SELECT * FROM biz_session WHERE sess_id = ? LIMIT 1 ","context":["l0u9b6vl9roubaho161o1njrah"],"extra":[],"level":7}
{"time":"2019-11-21T00:28:57.344795+08:00","channel":"app","level_name":"DEBUG","message":"SELECT * FROM cache WHERE name IN (?);","context":["settings"],"extra":[],"level":7}
{"time":"2019-11-21T00:28:57.426016+08:00","channel":"app","level_name":"DEBUG","message":"SELECT * FROM biz_session WHERE sess_id = ? LIMIT 1 ","context":["l0u9b6vl9roubaho161o1njrah"],"extra":[],"level":7}
{"time":"2019-11-21T00:28:57.426549+08:00","channel":"app","level_name":"DEBUG","message":"UPDATE biz_session SET sess_id = ?, sess_data = ?, sess_deadline = ?, sess_time = ? WHERE id = ?","context":["l0u9b6vl9roubaho161o1njrah","_sf2_attributes|a:2:{s:10: [...]",1574274537,1574267337,"1167913"],"extra":[],"level":7}
{"time":"2019-11-21T00:28:57.467616+08:00","channel":"app","level_name":"DEBUG","message":"SELECT * FROM biz_session WHERE id = ?","context":["1167913"],"extra":[],"level":7}
{"time":"2019-11-21T00:28:57.468401+08:00","channel":"app","level_name":"DEBUG","message":"SELECT RELEASE_LOCK(?) AS releaseLock","context":["sess_1"],"extra":[],"level":7}
{"time":"2019-11-21T00:28:57.468633+08:00","channel":"app","level_name":"DEBUG","message":"SELECT RELEASE_LOCK(?) AS releaseLock","context":["sess_l0u9b6vl9roubaho161o1njrah"],"extra":[],"level":7}
{"time":"2019-11-21T00:28:57.556272+08:00","channel":"app","level_name":"DEBUG","message":"SELECT GET_LOCK(?, ?) AS getLock","context":["sess_l0u9b6vl9roubaho161o1njrah",30],"extra":[],"level":7}
{"time":"2019-11-21T00:28:57.559344+08:00","channel":"app","level_name":"DEBUG","message":"SELECT * FROM biz_session WHERE sess_id = ? LIMIT 1 ","context":["l0u9b6vl9roubaho161o1njrah"],"extra":[],"level":7}
{"time":"2019-11-21T00:28:57.571082+08:00","channel":"app","level_name":"DEBUG","message":"SELECT * FROM cache WHERE name IN (?);","context":["settings"],"extra":[],"level":7}
{"time":"2019-11-21T00:28:57.752452+08:00","channel":"app","level_name":"DEBUG","message":"SELECT * FROM biz_session WHERE sess_id = ? LIMIT 1 ","context":["l0u9b6vl9roubaho161o1njrah"],"extra":[],"level":7}
{"time":"2019-11-21T00:28:57.752871+08:00","channel":"app","level_name":"DEBUG","message":"UPDATE biz_session SET sess_id = ?, sess_data = ?, sess_deadline = ?, sess_time = ? WHERE id = ?","context":["l0u9b6vl9roubaho161o1njrah","_sf2_attributes|a:2:{s:10: [...]",1574274537,1574267337,"1167913"],"extra":[],"level":7}
{"time":"2019-11-21T00:28:57.794745+08:00","channel":"app","level_name":"DEBUG","message":"SELECT * FROM biz_session WHERE id = ?","context":["1167913"],"extra":[],"level":7}
{"time":"2019-11-21T00:28:57.795423+08:00","channel":"app","level_name":"DEBUG","message":"SELECT RELEASE_LOCK(?) AS releaseLock","context":["sess_1"],"extra":[],"level":7}
{"time":"2019-11-21T00:28:57.795705+08:00","channel":"app","level_name":"DEBUG","message":"SELECT RELEASE_LOCK(?) AS releaseLock","context":["sess_l0u9b6vl9roubaho161o1njrah"],"extra":[],"level":7}
{"time":"2019-11-21T00:28:57.856540+08:00","channel":"app","level_name":"DEBUG","message":"SELECT GET_LOCK(?, ?) AS getLock","context":["sess_l0u9b6vl9roubaho161o1njrah",30],"extra":[],"level":7}
{"time":"2019-11-21T00:28:57.859426+08:00","channel":"app","level_name":"DEBUG","message":"SELECT * FROM biz_session WHERE sess_id = ? LIMIT 1 ","context":["l0u9b6vl9roubaho161o1njrah"],"extra":[],"level":7}
{"time":"2019-11-21T00:28:57.871431+08:00","channel":"app","level_name":"DEBUG","message":"SELECT * FROM cache WHERE name IN (?);","context":["settings"],"extra":[],"level":7}
{"time":"2019-11-21T00:28:58.037095+08:00","channel":"app","level_name":"DEBUG","message":"SELECT * FROM biz_session WHERE sess_id = ? LIMIT 1 ","context":["l0u9b6vl9roubaho161o1njrah"],"extra":[],"level":7}
{"time":"2019-11-21T00:28:58.037514+08:00","channel":"app","level_name":"DEBUG","message":"UPDATE biz_session SET sess_id = ?, sess_data = ?, sess_deadline = ?, sess_time = ? WHERE id = ?","context":["l0u9b6vl9roubaho161o1njrah","_sf2_attributes|a:2:{s:10: [...]",1574274538,1574267338,"1167913"],"extra":[],"level":7}
{"time":"2019-11-21T00:28:58.052468+08:00","channel":"app","level_name":"DEBUG","message":"SELECT * FROM biz_session WHERE id = ?","context":["1167913"],"extra":[],"level":7}
{"time":"2019-11-21T00:28:58.052820+08:00","channel":"app","level_name":"DEBUG","message":"SELECT RELEASE_LOCK(?) AS releaseLock","context":["sess_1"],"extra":[],"level":7}
{"time":"2019-11-21T00:28:58.053007+08:00","channel":"app","level_name":"DEBUG","message":"SELECT RELEASE_LOCK(?) AS releaseLock","context":["sess_l0u9b6vl9roubaho161o1njrah"],"extra":[],"level":7}
{"time":"2019-11-21T00:28:58.114059+08:00","channel":"app","level_name":"DEBUG","message":"SELECT GET_LOCK(?, ?) AS getLock","context":["sess_l0u9b6vl9roubaho161o1njrah",30],"extra":[],"level":7}
{"time":"2019-11-21T00:28:58.116645+08:00","channel":"app","level_name":"DEBUG","message":"SELECT * FROM biz_session WHERE sess_id = ? LIMIT 1 ","context":["l0u9b6vl9roubaho161o1njrah"],"extra":[],"level":7}
{"time":"2019-11-21T00:28:58.129797+08:00","channel":"app","level_name":"DEBUG","message":"SELECT * FROM cache WHERE name IN (?);","context":["settings"],"extra":[],"level":7}
{"time":"2019-11-21T00:28:58.288497+08:00","channel":"app","level_name":"DEBUG","message":"SELECT * FROM biz_session WHERE sess_id = ? LIMIT 1 ","context":["l0u9b6vl9roubaho161o1njrah"],"extra":[],"level":7}
{"time":"2019-11-21T00:28:58.288924+08:00","channel":"app","level_name":"DEBUG","message":"UPDATE biz_session SET sess_id = ?, sess_data = ?, sess_deadline = ?, sess_time = ? WHERE id = ?","context":["l0u9b6vl9roubaho161o1njrah","_sf2_attributes|a:2:{s:10: [...]",1574274538,1574267338,"1167913"],"extra":[],"level":7}
{"time":"2019-11-21T00:28:58.327391+08:00","channel":"app","level_name":"DEBUG","message":"SELECT * FROM biz_session WHERE id = ?","context":["1167913"],"extra":[],"level":7}
{"time":"2019-11-21T00:28:58.328015+08:00","channel":"app","level_name":"DEBUG","message":"SELECT RELEASE_LOCK(?) AS releaseLock","context":["sess_1"],"extra":[],"level":7}
{"time":"2019-11-21T00:28:58.328336+08:00","channel":"app","level_name":"DEBUG","message":"SELECT RELEASE_LOCK(?) AS releaseLock","context":["sess_l0u9b6vl9roubaho161o1njrah"],"extra":[],"level":7}
{"time":"2019-11-21T00:28:58.359914+08:00","channel":"app","level_name":"DEBUG","message":"SELECT GET_LOCK(?, ?) AS getLock","context":["sess_l0u9b6vl9roubaho161o1njrah",30],"extra":[],"level":7}
{"time":"2019-11-21T00:28:58.368776+08:00","channel":"app","level_name":"DEBUG","message":"SELECT * FROM biz_session WHERE sess_id = ? LIMIT 1 ","context":["l0u9b6vl9roubaho161o1njrah"],"extra":[],"level":7}
{"time":"2019-11-21T00:28:58.381671+08:00","channel":"app","level_name":"DEBUG","message":"SELECT * FROM cache WHERE name IN (?);","context":["settings"],"extra":[],"level":7}
{"time":"2019-11-21T00:28:58.586661+08:00","channel":"app","level_name":"DEBUG","message":"SELECT * FROM biz_session WHERE sess_id = ? LIMIT 1 ","context":["l0u9b6vl9roubaho161o1njrah"],"extra":[],"level":7}
{"time":"2019-11-21T00:28:58.587349+08:00","channel":"app","level_name":"DEBUG","message":"UPDATE biz_session SET sess_id = ?, sess_data = ?, sess_deadline = ?, sess_time = ? WHERE id = ?","context":["l0u9b6vl9roubaho161o1njrah","_sf2_attributes|a:2:{s:10: [...]",1574274538,1574267338,"1167913"],"extra":[],"level":7}
{"time":"2019-11-21T00:28:58.592861+08:00","channel":"app","level_name":"DEBUG","message":"SELECT * FROM biz_session WHERE id = ?","context":["1167913"],"extra":[],"level":7}
{"time":"2019-11-21T00:28:58.593218+08:00","channel":"app","level_name":"DEBUG","message":"SELECT RELEASE_LOCK(?) AS releaseLock","context":["sess_1"],"extra":[],"level":7}
{"time":"2019-11-21T00:28:58.593421+08:00","channel":"app","level_name":"DEBUG","message":"SELECT RELEASE_LOCK(?) AS releaseLock","context":["sess_l0u9b6vl9roubaho161o1njrah"],"extra":[],"level":7}
{"time":"2019-11-21T00:28:58.627810+08:00","channel":"app","level_name":"DEBUG","message":"SELECT GET_LOCK(?, ?) AS getLock","context":["sess_l0u9b6vl9roubaho161o1njrah",30],"extra":[],"level":7}
{"time":"2019-11-21T00:28:58.630737+08:00","channel":"app","level_name":"DEBUG","message":"SELECT * FROM biz_session WHERE sess_id = ? LIMIT 1 ","context":["l0u9b6vl9roubaho161o1njrah"],"extra":[],"level":7}
{"time":"2019-11-21T00:28:58.642626+08:00","channel":"app","level_name":"DEBUG","message":"SELECT * FROM cache WHERE name IN (?);","context":["settings"],"extra":[],"level":7}
{"time":"2019-11-21T00:28:58.747441+08:00","channel":"app","level_name":"DEBUG","message":"SELECT * FROM biz_online WHERE sess_id = ? LIMIT 1 ","context":["DB57D815-FC57-83F2-67A2-18 [...]"],"extra":[],"level":7}
{"time":"2019-11-21T00:28:58.748137+08:00","channel":"app","level_name":"DEBUG","message":"INSERT INTO biz_online (sess_id, user_id, ip, user_agent, source, is_login, deadline, created_time, active_time) VALUES (?, ?, ?, ?, ?, ?, ?, ?, ?)","context":["DB57D815-FC57-83F2-67A2-18 [...]",0,"127.0.0.1","Mozilla/5.0 (Macintosh; In [...]","Web",0,1574274538,1574267338,1574267338],"extra":[],"level":7}
{"time":"2019-11-21T00:28:58.767330+08:00","channel":"app","level_name":"DEBUG","message":"SELECT * FROM biz_online WHERE id = ?","context":["123"],"extra":[],"level":7}
{"time":"2019-11-21T00:28:58.781078+08:00","channel":"app","level_name":"DEBUG","message":"SELECT * FROM biz_session WHERE sess_id = ? LIMIT 1 ","context":["l0u9b6vl9roubaho161o1njrah"],"extra":[],"level":7}
{"time":"2019-11-21T00:28:58.782081+08:00","channel":"app","level_name":"DEBUG","message":"UPDATE biz_session SET sess_id = ?, sess_data = ?, sess_deadline = ?, sess_time = ? WHERE id = ?","context":["l0u9b6vl9roubaho161o1njrah","_sf2_attributes|a:2:{s:10: [...]",1574274538,1574267338,"1167913"],"extra":[],"level":7}
{"time":"2019-11-21T00:28:58.782452+08:00","channel":"app","level_name":"DEBUG","message":"SELECT * FROM biz_session WHERE id = ?","context":["1167913"],"extra":[],"level":7}
{"time":"2019-11-21T00:28:58.782849+08:00","channel":"app","level_name":"DEBUG","message":"SELECT RELEASE_LOCK(?) AS releaseLock","context":["sess_1"],"extra":[],"level":7}
{"time":"2019-11-21T00:28:58.783130+08:00","channel":"app","level_name":"DEBUG","message":"SELECT RELEASE_LOCK(?) AS releaseLock","context":["sess_l0u9b6vl9roubaho161o1njrah"],"extra":[],"level":7}
{"time":"2019-11-21T00:28:58.839210+08:00","channel":"app","level_name":"DEBUG","message":"SELECT GET_LOCK(?, ?) AS getLock","context":["sess_l0u9b6vl9roubaho161o1njrah",30],"extra":[],"level":7}
{"time":"2019-11-21T00:28:58.841819+08:00","channel":"app","level_name":"DEBUG","message":"SELECT * FROM biz_session WHERE sess_id = ? LIMIT 1 ","context":["l0u9b6vl9roubaho161o1njrah"],"extra":[],"level":7}
{"time":"2019-11-21T00:28:58.854360+08:00","channel":"app","level_name":"DEBUG","message":"SELECT * FROM cache WHERE name IN (?);","context":["settings"],"extra":[],"level":7}
{"time":"2019-11-21T00:28:59.023723+08:00","channel":"app","level_name":"DEBUG","message":"SELECT * FROM biz_session WHERE sess_id = ? LIMIT 1 ","context":["l0u9b6vl9roubaho161o1njrah"],"extra":[],"level":7}
{"time":"2019-11-21T00:28:59.024166+08:00","channel":"app","level_name":"DEBUG","message":"UPDATE biz_session SET sess_id = ?, sess_data = ?, sess_deadline = ?, sess_time = ? WHERE id = ?","context":["l0u9b6vl9roubaho161o1njrah","_sf2_attributes|a:2:{s:10: [...]",1574274539,1574267339,"1167913"],"extra":[],"level":7}
{"time":"2019-11-21T00:28:59.049942+08:00","channel":"app","level_name":"DEBUG","message":"SELECT * FROM biz_session WHERE id = ?","context":["1167913"],"extra":[],"level":7}
{"time":"2019-11-21T00:28:59.050614+08:00","channel":"app","level_name":"DEBUG","message":"SELECT RELEASE_LOCK(?) AS releaseLock","context":["sess_1"],"extra":[],"level":7}
{"time":"2019-11-21T00:28:59.050912+08:00","channel":"app","level_name":"DEBUG","message":"SELECT RELEASE_LOCK(?) AS releaseLock","context":["sess_l0u9b6vl9roubaho161o1njrah"],"extra":[],"level":7}
{"time":"2019-11-21T00:28:59.103724+08:00","channel":"app","level_name":"DEBUG","message":"SELECT GET_LOCK(?, ?) AS getLock","context":["sess_l0u9b6vl9roubaho161o1njrah",30],"extra":[],"level":7}
{"time":"2019-11-21T00:28:59.106534+08:00","channel":"app","level_name":"DEBUG","message":"SELECT * FROM biz_session WHERE sess_id = ? LIMIT 1 ","context":["l0u9b6vl9roubaho161o1njrah"],"extra":[],"level":7}
{"time":"2019-11-21T00:28:59.123959+08:00","channel":"app","level_name":"DEBUG","message":"SELECT * FROM cache WHERE name IN (?);","context":["settings"],"extra":[],"level":7}
{"time":"2019-11-21T00:28:59.289823+08:00","channel":"app","level_name":"DEBUG","message":"SELECT * FROM biz_session WHERE sess_id = ? LIMIT 1 ","context":["l0u9b6vl9roubaho161o1njrah"],"extra":[],"level":7}
{"time":"2019-11-21T00:28:59.290245+08:00","channel":"app","level_name":"DEBUG","message":"UPDATE biz_session SET sess_id = ?, sess_data = ?, sess_deadline = ?, sess_time = ? WHERE id = ?","context":["l0u9b6vl9roubaho161o1njrah","_sf2_attributes|a:2:{s:10: [...]",1574274539,1574267339,"1167913"],"extra":[],"level":7}
{"time":"2019-11-21T00:28:59.305506+08:00","channel":"app","level_name":"DEBUG","message":"SELECT * FROM biz_session WHERE id = ?","context":["1167913"],"extra":[],"level":7}
{"time":"2019-11-21T00:28:59.306074+08:00","channel":"app","level_name":"DEBUG","message":"SELECT RELEASE_LOCK(?) AS releaseLock","context":["sess_1"],"extra":[],"level":7}
{"time":"2019-11-21T00:28:59.306370+08:00","channel":"app","level_name":"DEBUG","message":"SELECT RELEASE_LOCK(?) AS releaseLock","context":["sess_l0u9b6vl9roubaho161o1njrah"],"extra":[],"level":7}
{"time":"2019-11-21T00:28:59.342061+08:00","channel":"app","level_name":"DEBUG","message":"SELECT GET_LOCK(?, ?) AS getLock","context":["sess_l0u9b6vl9roubaho161o1njrah",30],"extra":[],"level":7}
{"time":"2019-11-21T00:28:59.344526+08:00","channel":"app","level_name":"DEBUG","message":"SELECT * FROM biz_session WHERE sess_id = ? LIMIT 1 ","context":["l0u9b6vl9roubaho161o1njrah"],"extra":[],"level":7}
{"time":"2019-11-21T00:28:59.355950+08:00","channel":"app","level_name":"DEBUG","message":"SELECT * FROM cache WHERE name IN (?);","context":["settings"],"extra":[],"level":7}
{"time":"2019-11-21T00:28:59.522806+08:00","channel":"app","level_name":"DEBUG","message":"SELECT * FROM biz_session WHERE sess_id = ? LIMIT 1 ","context":["l0u9b6vl9roubaho161o1njrah"],"extra":[],"level":7}
{"time":"2019-11-21T00:28:59.523238+08:00","channel":"app","level_name":"DEBUG","message":"UPDATE biz_session SET sess_id = ?, sess_data = ?, sess_deadline = ?, sess_time = ? WHERE id = ?","context":["l0u9b6vl9roubaho161o1njrah","_sf2_attributes|a:2:{s:10: [...]",1574274539,1574267339,"1167913"],"extra":[],"level":7}
{"time":"2019-11-21T00:28:59.541785+08:00","channel":"app","level_name":"DEBUG","message":"SELECT * FROM biz_session WHERE id = ?","context":["1167913"],"extra":[],"level":7}
{"time":"2019-11-21T00:28:59.542494+08:00","channel":"app","level_name":"DEBUG","message":"SELECT RELEASE_LOCK(?) AS releaseLock","context":["sess_1"],"extra":[],"level":7}
{"time":"2019-11-21T00:28:59.542798+08:00","channel":"app","level_name":"DEBUG","message":"SELECT RELEASE_LOCK(?) AS releaseLock","context":["sess_l0u9b6vl9roubaho161o1njrah"],"extra":[],"level":7}
{"time":"2019-11-21T00:28:59.592461+08:00","channel":"app","level_name":"DEBUG","message":"SELECT GET_LOCK(?, ?) AS getLock","context":["sess_l0u9b6vl9roubaho161o1njrah",30],"extra":[],"level":7}
{"time":"2019-11-21T00:28:59.596405+08:00","channel":"app","level_name":"DEBUG","message":"SELECT * FROM biz_session WHERE sess_id = ? LIMIT 1 ","context":["l0u9b6vl9roubaho161o1njrah"],"extra":[],"level":7}
{"time":"2019-11-21T00:28:59.607121+08:00","channel":"app","level_name":"DEBUG","message":"SELECT * FROM cache WHERE name IN (?);","context":["settings"],"extra":[],"level":7}
{"time":"2019-11-21T00:28:59.777616+08:00","channel":"app","level_name":"DEBUG","message":"SELECT * FROM biz_session WHERE sess_id = ? LIMIT 1 ","context":["l0u9b6vl9roubaho161o1njrah"],"extra":[],"level":7}
{"time":"2019-11-21T00:28:59.778434+08:00","channel":"app","level_name":"DEBUG","message":"UPDATE biz_session SET sess_id = ?, sess_data = ?, sess_deadline = ?, sess_time = ? WHERE id = ?","context":["l0u9b6vl9roubaho161o1njrah","_sf2_attributes|a:2:{s:10: [...]",1574274539,1574267339,"1167913"],"extra":[],"level":7}
{"time":"2019-11-21T00:28:59.806629+08:00","channel":"app","level_name":"DEBUG","message":"SELECT * FROM biz_session WHERE id = ?","context":["1167913"],"extra":[],"level":7}
{"time":"2019-11-21T00:28:59.807146+08:00","channel":"app","level_name":"DEBUG","message":"SELECT RELEASE_LOCK(?) AS releaseLock","context":["sess_1"],"extra":[],"level":7}
{"time":"2019-11-21T00:28:59.807368+08:00","channel":"app","level_name":"DEBUG","message":"SELECT RELEASE_LOCK(?) AS releaseLock","context":["sess_l0u9b6vl9roubaho161o1njrah"],"extra":[],"level":7}
{"time":"2019-11-21T00:28:59.840718+08:00","channel":"app","level_name":"DEBUG","message":"SELECT GET_LOCK(?, ?) AS getLock","context":["sess_l0u9b6vl9roubaho161o1njrah",30],"extra":[],"level":7}
{"time":"2019-11-21T00:28:59.843347+08:00","channel":"app","level_name":"DEBUG","message":"SELECT * FROM biz_session WHERE sess_id = ? LIMIT 1 ","context":["l0u9b6vl9roubaho161o1njrah"],"extra":[],"level":7}
{"time":"2019-11-21T00:28:59.856155+08:00","channel":"app","level_name":"DEBUG","message":"SELECT * FROM cache WHERE name IN (?);","context":["settings"],"extra":[],"level":7}
{"time":"2019-11-21T00:29:00.018391+08:00","channel":"app","level_name":"DEBUG","message":"SELECT * FROM biz_session WHERE sess_id = ? LIMIT 1 ","context":["l0u9b6vl9roubaho161o1njrah"],"extra":[],"level":7}
{"time":"2019-11-21T00:29:00.018839+08:00","channel":"app","level_name":"DEBUG","message":"UPDATE biz_session SET sess_id = ?, sess_data = ?, sess_deadline = ?, sess_time = ? WHERE id = ?","context":["l0u9b6vl9roubaho161o1njrah","_sf2_attributes|a:2:{s:10: [...]",1574274540,1574267340,"1167913"],"extra":[],"level":7}
{"time":"2019-11-21T00:29:00.031847+08:00","channel":"app","level_name":"DEBUG","message":"SELECT * FROM biz_session WHERE id = ?","context":["1167913"],"extra":[],"level":7}
{"time":"2019-11-21T00:29:00.032255+08:00","channel":"app","level_name":"DEBUG","message":"SELECT RELEASE_LOCK(?) AS releaseLock","context":["sess_1"],"extra":[],"level":7}
{"time":"2019-11-21T00:29:00.032448+08:00","channel":"app","level_name":"DEBUG","message":"SELECT RELEASE_LOCK(?) AS releaseLock","context":["sess_l0u9b6vl9roubaho161o1njrah"],"extra":[],"level":7}
{"time":"2019-11-21T00:29:00.075333+08:00","channel":"app","level_name":"DEBUG","message":"SELECT GET_LOCK(?, ?) AS getLock","context":["sess_l0u9b6vl9roubaho161o1njrah",30],"extra":[],"level":7}
{"time":"2019-11-21T00:29:00.077794+08:00","channel":"app","level_name":"DEBUG","message":"SELECT * FROM biz_session WHERE sess_id = ? LIMIT 1 ","context":["l0u9b6vl9roubaho161o1njrah"],"extra":[],"level":7}
{"time":"2019-11-21T00:29:00.093677+08:00","channel":"app","level_name":"DEBUG","message":"SELECT * FROM cache WHERE name IN (?);","context":["settings"],"extra":[],"level":7}
{"time":"2019-11-21T00:29:00.250688+08:00","channel":"app","level_name":"DEBUG","message":"SELECT * FROM biz_session WHERE sess_id = ? LIMIT 1 ","context":["l0u9b6vl9roubaho161o1njrah"],"extra":[],"level":7}
{"time":"2019-11-21T00:29:00.251120+08:00","channel":"app","level_name":"DEBUG","message":"UPDATE biz_session SET sess_id = ?, sess_data = ?, sess_deadline = ?, sess_time = ? WHERE id = ?","context":["l0u9b6vl9roubaho161o1njrah","_sf2_attributes|a:2:{s:10: [...]",1574274540,1574267340,"1167913"],"extra":[],"level":7}
{"time":"2019-11-21T00:29:00.254796+08:00","channel":"app","level_name":"DEBUG","message":"SELECT * FROM biz_session WHERE id = ?","context":["1167913"],"extra":[],"level":7}
{"time":"2019-11-21T00:29:00.255296+08:00","channel":"app","level_name":"DEBUG","message":"SELECT RELEASE_LOCK(?) AS releaseLock","context":["sess_1"],"extra":[],"level":7}
{"time":"2019-11-21T00:29:00.255565+08:00","channel":"app","level_name":"DEBUG","message":"SELECT RELEASE_LOCK(?) AS releaseLock","context":["sess_l0u9b6vl9roubaho161o1njrah"],"extra":[],"level":7}
{"time":"2019-11-21T00:29:00.285632+08:00","channel":"app","level_name":"DEBUG","message":"SELECT GET_LOCK(?, ?) AS getLock","context":["sess_l0u9b6vl9roubaho161o1njrah",30],"extra":[],"level":7}
{"time":"2019-11-21T00:29:00.288271+08:00","channel":"app","level_name":"DEBUG","message":"SELECT * FROM biz_session WHERE sess_id = ? LIMIT 1 ","context":["l0u9b6vl9roubaho161o1njrah"],"extra":[],"level":7}
{"time":"2019-11-21T00:29:00.301239+08:00","channel":"app","level_name":"DEBUG","message":"SELECT * FROM cache WHERE name IN (?);","context":["settings"],"extra":[],"level":7}
{"time":"2019-11-21T00:29:00.479504+08:00","channel":"app","level_name":"DEBUG","message":"SELECT * FROM biz_session WHERE sess_id = ? LIMIT 1 ","context":["l0u9b6vl9roubaho161o1njrah"],"extra":[],"level":7}
{"time":"2019-11-21T00:29:00.479965+08:00","channel":"app","level_name":"DEBUG","message":"UPDATE biz_session SET sess_id = ?, sess_data = ?, sess_deadline = ?, sess_time = ? WHERE id = ?","context":["l0u9b6vl9roubaho161o1njrah","_sf2_attributes|a:2:{s:10: [...]",1574274540,1574267340,"1167913"],"extra":[],"level":7}
{"time":"2019-11-21T00:29:00.507310+08:00","channel":"app","level_name":"DEBUG","message":"SELECT * FROM biz_session WHERE id = ?","context":["1167913"],"extra":[],"level":7}
{"time":"2019-11-21T00:29:00.507775+08:00","channel":"app","level_name":"DEBUG","message":"SELECT RELEASE_LOCK(?) AS releaseLock","context":["sess_1"],"extra":[],"level":7}
{"time":"2019-11-21T00:29:00.507999+08:00","channel":"app","level_name":"DEBUG","message":"SELECT RELEASE_LOCK(?) AS releaseLock","context":["sess_l0u9b6vl9roubaho161o1njrah"],"extra":[],"level":7}
{"time":"2019-11-21T00:29:00.557631+08:00","channel":"app","level_name":"DEBUG","message":"SELECT GET_LOCK(?, ?) AS getLock","context":["sess_l0u9b6vl9roubaho161o1njrah",30],"extra":[],"level":7}
{"time":"2019-11-21T00:29:00.562048+08:00","channel":"app","level_name":"DEBUG","message":"SELECT * FROM biz_session WHERE sess_id = ? LIMIT 1 ","context":["l0u9b6vl9roubaho161o1njrah"],"extra":[],"level":7}
{"time":"2019-11-21T00:29:00.582188+08:00","channel":"app","level_name":"DEBUG","message":"SELECT * FROM cache WHERE name IN (?);","context":["settings"],"extra":[],"level":7}
{"time":"2019-11-21T00:29:00.604759+08:00","channel":"app","level_name":"DEBUG","message":"SELECT * FROM biz_session WHERE sess_id = ? LIMIT 1 ","context":["l0u9b6vl9roubaho161o1njrah"],"extra":[],"level":7}
{"time":"2019-11-21T00:29:00.605159+08:00","channel":"app","level_name":"DEBUG","message":"UPDATE biz_session SET sess_id = ?, sess_data = ?, sess_deadline = ?, sess_time = ? WHERE id = ?","context":["l0u9b6vl9roubaho161o1njrah","_sf2_attributes|a:2:{s:10: [...]",1574274540,1574267340,"1167913"],"extra":[],"level":7}
{"time":"2019-11-21T00:29:00.605430+08:00","channel":"app","level_name":"DEBUG","message":"SELECT * FROM biz_session WHERE id = ?","context":["1167913"],"extra":[],"level":7}
{"time":"2019-11-21T00:29:00.605626+08:00","channel":"app","level_name":"DEBUG","message":"SELECT RELEASE_LOCK(?) AS releaseLock","context":["sess_1"],"extra":[],"level":7}
{"time":"2019-11-21T00:29:00.605768+08:00","channel":"app","level_name":"DEBUG","message":"SELECT RELEASE_LOCK(?) AS releaseLock","context":["sess_l0u9b6vl9roubaho161o1njrah"],"extra":[],"level":7}
{"time":"2019-11-21T00:29:00.638153+08:00","channel":"app","level_name":"DEBUG","message":"SELECT GET_LOCK(?, ?) AS getLock","context":["sess_l0u9b6vl9roubaho161o1njrah",30],"extra":[],"level":7}
{"time":"2019-11-21T00:29:00.640761+08:00","channel":"app","level_name":"DEBUG","message":"SELECT * FROM biz_session WHERE sess_id = ? LIMIT 1 ","context":["l0u9b6vl9roubaho161o1njrah"],"extra":[],"level":7}
{"time":"2019-11-21T00:29:00.653834+08:00","channel":"app","level_name":"DEBUG","message":"SELECT * FROM cache WHERE name IN (?);","context":["settings"],"extra":[],"level":7}
{"time":"2019-11-21T00:29:00.820017+08:00","channel":"app","level_name":"DEBUG","message":"SELECT * FROM biz_session WHERE sess_id = ? LIMIT 1 ","context":["l0u9b6vl9roubaho161o1njrah"],"extra":[],"level":7}
{"time":"2019-11-21T00:29:00.820440+08:00","channel":"app","level_name":"DEBUG","message":"UPDATE biz_session SET sess_id = ?, sess_data = ?, sess_deadline = ?, sess_time = ? WHERE id = ?","context":["l0u9b6vl9roubaho161o1njrah","_sf2_attributes|a:2:{s:10: [...]",1574274540,1574267340,"1167913"],"extra":[],"level":7}
{"time":"2019-11-21T00:29:00.833076+08:00","channel":"app","level_name":"DEBUG","message":"SELECT * FROM biz_session WHERE id = ?","context":["1167913"],"extra":[],"level":7}
{"time":"2019-11-21T00:29:00.833479+08:00","channel":"app","level_name":"DEBUG","message":"SELECT RELEASE_LOCK(?) AS releaseLock","context":["sess_1"],"extra":[],"level":7}
{"time":"2019-11-21T00:29:00.833721+08:00","channel":"app","level_name":"DEBUG","message":"SELECT RELEASE_LOCK(?) AS releaseLock","context":["sess_l0u9b6vl9roubaho161o1njrah"],"extra":[],"level":7}
